/var/scratch/jvandijk/1157787

Currently Loaded Modules:
  1) cmake/3.21.3   5) libfabric/1.13.0   9) papi/5.7.0
  2) gnu9/9.4.0     6) mpich/3.4.2-ofi   10) scorep/6.0
  3) gcc/default    7) pdtoolkit/3.25.1  11) scalasca/2.5
  4) hdf5/1.10.8    8) sionlib/1.7.4     12) likwid/5.0.1

 

config config.xml
benchmark cube-fractional-imbalance
setupdir setups/case-fluid-energy-37715
setups/case-fluid-energy-37715/config.xml
setups/case-fluid-energy-37715/RBC.xml
setups/case-fluid-energy-37715/stent.stl
setups/case-fluid-energy-37715/RBC.pos
setups/case-fluid-energy-37715/PLT.pos
setups/case-fluid-energy-37715/PLT.xml
setups/case-fluid-energy-37715/filter.filter
setups/case-fluid-energy-37715/freq.txt
/home/jvandijk/HemoCell-mpi-2/Hemocell-Performance-Benchmarks/cube-fractional-imbalance/cube-fractional-imbalance
Resetting all freq
Reset to governor performance with min freq. 1.5 GHz and deactivate turbo mode
Reset to governor performance with min freq. 1.5 GHz and deactivate turbo mode
Reset to governor performance with min freq. 1.5 GHz and deactivate turbo mode
Reset to governor performance with min freq. 1.5 GHz and deactivate turbo mode
Reset to governor performance with min freq. 1.5 GHz and deactivate turbo mode
Reset to governor performance with min freq. 1.5 GHz and deactivate turbo mode
Reset to governor performance with min freq. 1.5 GHz and deactivate turbo mode
Reset to governor performance with min freq. 1.5 GHz and deactivate turbo mode
Reset to governor performance with min freq. 1.5 GHz and deactivate turbo mode
Reset to governor performance with min freq. 1.5 GHz and deactivate turbo mode
Reset to governor performance with min freq. 1.5 GHz and deactivate turbo mode
Reset to governor performance with min freq. 1.5 GHz and deactivate turbo mode
Reset to governor performance with min freq. 1.5 GHz and deactivate turbo mode
Reset to governor performance with min freq. 1.5 GHz and deactivate turbo mode
Reset to governor performance with min freq. 1.5 GHz and deactivate turbo mode
Reset to governor performance with min freq. 1.5 GHz and deactivate turbo mode
Setting all freq to: 1.5
Node: 0, freq: 2.8, c: 0-47
Node: 1, freq: 2.8, c: 0-47
Starting Hemocell: 00:36
(HemoCell) (Config) reading config.xml
 _   _   ____   __  __   _____    ___   ____   __     __ 
( )_( ) ( ___) (  \/  ) (  _  )  / __) ( ___) (  )   (  )
 ) _ (   )__)   )    (   )(_)(  ( (__   )__)   )(__   )(__ 
(_) (_) (____) (_/\/\_) (_____)  \___) (____) (____) (____) 
                         v.2.6

(unbounded) (Parameters) calculating flow parameters
(HemoCell) dt is set to *auto*. Tau will be set to 1!
(HemoCell) System parameters:
	 dx: 	5e-07
	 dt: 	3.78788e-08
	 dm: 	1.28125e-16
	 dN: 	4.4649e-08
	 tau: 	1
	 nu_lbm: 	0.166667
	 u_lb_max: 	7.57576e-07
	 f_limit: 	0.00111985
(unbounded) (Fluid) Initializing Palabos Fluid Field
nx 600
nr 12
nSizeX: 150
flifluid: 2
(HemoCell) (Fluid) Setting Fluid Equilibrium
Size of the multi-block:     600-by-400-by-200
Number of atomic-blocks:     384
Smallest atomic-block:       40-by-50-by-50
Largest atomic-block:        150-by-50-by-50
Number of allocated cells:   48 million
Fraction of allocated domain: 100 percent

(Hemocell) (HemoCellFields) (Init) particle envelope: 25 [lu]
Cellfield  (+ material model) of RBC
  Volume :90 µm³ VolumeFraction of lsp per fluid node: 1.1215 %
  Nvertex: 642
(Cell-mechanics model) High Order model parameters for RBC cellfield
	 k_link:   0.000183679
	 k_area:   9.18393e-07
	 k_bend: : 1.46943e-05
	 k_volume: 3.67357e-06
	 eta_m:    0
	 mean_edge:1.00019
	 N faces:  1280
(HemoCell) (Timescale Seperation) Setting seperation of RBC to 1 timesteps
(HemoCell) (Timescale separation) Setting update separation of all particles to 1 timesteps
(HemoCell) (CellField) Setting output variables for RBC cells
(HemoCell) (Fluid) Setting output variables for fluid field
(HemoCell) (CellField) Loading particle positions 
(readPositionsBloodCells) Reading particle positions...
(readPositionsBloodCells) Particle count in file (RBC): 24608.
(unbounded) fresh start: warming up cell-free fluid domain for 0 iterations...
(unbounded) Starting simulation...
 | RBC Volume ratio [x100%]: 3.94753
(main)   nCells (global) = 24608
(HemoCell) (SanityCheck) Performing Sanity check on simulation parameters and setup
(HemoCell) WARNING: Force limit active at 50 pN. Results can be inaccurate due to force capping.
Size of the multi-block:     600-by-400-by-200
Number of atomic-blocks:     384
Smallest atomic-block:       40-by-50-by-50
Largest atomic-block:        150-by-50-by-50
Number of allocated cells:   48 million
Fraction of allocated domain: 100 percent
(SanityCheck) one of the dimensions of the largest atomic block is more than 25.
  This can be inefficient. The best performance is below 26x26x26 blocks.
  It is recommended to adjust the number of processors or the sparseBlockStructure accordingly.
Hemocell Profiler Statistics (Only Process 0):
HemoCell: 245.700000
 MpiReceive: 0.000000
 MpiSend: 0.000000
 deleteIncompleteCells: 0.065000
 iterate: 242.968000
  advanceParticles: 5.134000
  applyConstitutiveModel: 47.012000
  collideAndStream: 99.835000
  deleteNonLocalParticles: 4.057000
  interpolateFluidVelocity: 19.537000
  setExternalVector: 2.443000
  spreadParticleForce: 17.029000
  syncEnvelopes: 47.901000
   MpiReceive: 7.572000
   MpiSend: 1.951000
 syncEnvelopes: 0.905000
  MpiReceive: 0.162000
  MpiSend: 0.014000
(main) Simulation finished :) 
Hemocell Finished: 00:40
Keep likwid_perfctr_node001_0.txt
Keep likwid_perfctr_node002_24.txt
Keep likwid_perfctr_node004_48.txt
Keep likwid_perfctr_node006_72.txt
Keep likwid_perfctr_node012_96.txt
Keep likwid_perfctr_node016_120.txt
Keep likwid_perfctr_node017_144.txt
Keep likwid_perfctr_node018_168.txt
Keep likwid_perfctr_node019_192.txt
Keep likwid_perfctr_node020_216.txt
Keep likwid_perfctr_node025_240.txt
Keep likwid_perfctr_node027_264.txt
Keep likwid_perfctr_node030_288.txt
Keep likwid_perfctr_node032_312.txt
Keep likwid_perfctr_node033_336.txt
Keep likwid_perfctr_node034_360.txt
Current CPU frequencies:
CPU 0: governor  performance min/cur/max 2.8/1.795636/2.8 GHz Turbo 0
CPU 1: governor  performance min/cur/max 2.8/1.794034/2.8 GHz Turbo 0
CPU 2: governor  performance min/cur/max 2.8/1.795352/2.8 GHz Turbo 0
CPU 3: governor  performance min/cur/max 2.8/1.795827/2.8 GHz Turbo 0
CPU 4: governor  performance min/cur/max 2.8/1.79516/2.8 GHz Turbo 0
CPU 5: governor  performance min/cur/max 2.8/1.796012/2.8 GHz Turbo 0
CPU 6: governor  performance min/cur/max 2.8/1.796531/2.8 GHz Turbo 0
CPU 7: governor  performance min/cur/max 2.8/1.79447/2.8 GHz Turbo 0
CPU 8: governor  performance min/cur/max 2.8/1.794749/2.8 GHz Turbo 0
CPU 9: governor  performance min/cur/max 2.8/1.795916/2.8 GHz Turbo 0
CPU 10: governor  performance min/cur/max 2.8/1.795663/2.8 GHz Turbo 0
CPU 11: governor  performance min/cur/max 2.8/1.795846/2.8 GHz Turbo 0
CPU 12: governor  performance min/cur/max 2.8/1.795559/2.8 GHz Turbo 0
CPU 13: governor  performance min/cur/max 2.8/1.796349/2.8 GHz Turbo 0
Current CPU frequencies:
CPU 0: governor  performance min/cur/max 1.5/1.497321/1.5 GHz Turbo 0
CPU 1: governor  performance min/cur/max 1.5/1.495105/1.5 GHz Turbo 0
CPU 2: governor  performance min/cur/max 1.5/1.494362/1.5 GHz Turbo 0
CPU 3: governor  performance min/cur/max 1.5/1.497148/1.5 GHz Turbo 0
CPU 4: governor  performance min/cur/max 1.5/1.496931/1.5 GHz Turbo 0
CPU 5: governor  performance min/cur/max 1.5/1.495/1.5 GHz Turbo 0
CPU 6: governor  performance min/cur/max 1.5/1.496172/1.5 GHz Turbo 0
CPU 7: governor  performance min/cur/max 1.5/1.4964/1.5 GHz Turbo 0
CPU 8: governor  performance min/cur/max 1.5/1.495331/1.5 GHz Turbo 0
CPU 9: governor  performance min/cur/max 1.5/1.494712/1.5 GHz Turbo 0
CPU 10: governor  performance min/cur/max 1.5/1.49632/1.5 GHz Turbo 0
CPU 11: governor  performance min/cur/max 1.5/1.496172/1.5 GHz Turbo 0
CPU 12: governor  performance min/cur/max 1.5/1.49521/1.5 GHz Turbo 0
CPU 13: governor  performance min/cur/max 1.5/1.495437/1.5 GHz Turbo 0
CPU 14: governor  performance min/cur/max 1.5/1.495644/1.5 GHz Turbo 0
CPU 15: governor  performance min/cur/max 1.5/1.496064/1.5 GHz Turbo 0
CPU 16: governor  performance min/cur/max 1.5/1.495344/1.5 GHz Turbo 0
CPU 17: governor  performance min/cur/max 1.5/1.495564/1.5 GHz Turbo 0
CPU 18: governor  performance min/cur/max 1.5/1.496758/1.5 GHz Turbo 0
CPU 19: governor  performance min/cur/max 1.5/1.496239/1.5 GHz Turbo 0
CPU 20: governor  performance min/cur/max 1.5/1.496902/1.5 GHz Turbo 0
CPU 21: governor  performance min/cur/max 1.5/1.49676/1.5 GHz Turbo 0
CPU 22: governor  performance min/cur/max 1.5/1.495954/1.5 GHz Turbo 0
CPU 23: governor  performance min/cur/max 1.5/1.497482/1.5 GHz Turbo 0
CPU 24: governor  performance min/cur/max 1.5/1.497087/1.5 GHz Turbo 0
CPU 25: governor  performance min/cur/max 1.5/1.496639/1.5 GHz Turbo 0
CPU 26: governor  performance min/cur/max 1.5/1.497002/1.5 GHz Turbo 0
CPU 27: governor  performance min/cur/max 1.5/1.495689/1.5 GHz Turbo 0
CPU 28: governor  performance min/cur/max 1.5/1.495364/1.5 GHz Turbo 0
CPU 29: governor  performance min/cur/max 1.5/1.496426/1.5 GHz Turbo 0
CPU 30: governor  performance min/cur/max 1.5/1.494902/1.5 GHz Turbo 0
CPU 31: governor  performance min/cur/max 1.5/1.494884/1.5 GHz Turbo 0
CPU 32: governor  performance min/cur/max 1.5/1.496913/1.5 GHz Turbo 0
CPU 33: governor  performance min/cur/max 1.5/1.49571/1.5 GHz Turbo 0
CPU 34: governor  performance min/cur/max 1.5/1.495461/1.5 GHz Turbo 0
CPU 35: governor  performance min/cur/max 1.5/1.493624/1.5 GHz Turbo 0
CPU 36: governor  performance min/cur/max 1.5/1.496477/1.5 GHz Turbo 0
CPU 37: governor  performance min/cur/max 1.5/1.495655/1.5 GHz Turbo 0
CPU 38: governor  performance min/cur/max 1.5/1.496874/1.5 GHz Turbo 0
CPU 39: governor  performance min/cur/max 1.5/1.49622/1.5 GHz Turbo 0
CPU 40: governor  performance min/cur/max 1.5/1.494851/1.5 GHz Turbo 0
CPU 41: governor  performance min/cur/max 1.5/1.497008/1.5 GHz Turbo 0
CPU 42: governor  performance min/cur/max 1.5/1.496687/1.5 GHz Turbo 0
CPU 43: governor  performance min/cur/max 1.5/1.494723/1.5 GHz Turbo 0
CPU 44: governor  performance min/cur/max 1.5/1.496174/1.5 GHz Turbo 0
CPU 45: governor  performance min/cur/max 1.5/1.493976/1.5 GHz Turbo 0
CPU 46: governor  performance min/cur/max 1.5/1.494698/1.5 GHz Turbo 0
CPU 47: governor  performance min/cur/max 1.5/1.496903/1.5 GHz Turbo 0

No support for Uncore frequencies
Current CPU frequencies:
CPU 0: governor  performance min/cur/max 1.5/1.495909/1.5 GHz Turbo 0
CPU 1: governor  performance min/cur/max 1.5/1.496669/1.5 GHz Turbo 0
CPU 2: governor  performance min/cur/max 1.5/1.495257/1.5 GHz Turbo 0
CPU 3: governor  performance min/cur/max 1.5/1.495742/1.5 GHz Turbo 0
CPU 4: governor  performance min/cur/max 1.5/1.494357/1.5 GHz Turbo 0
CPU 5: governor  performance min/cur/max 1.5/1.494713/1.5 GHz Turbo 0
CPU 6: governor  performance min/cur/max 1.5/1.496206/1.5 GHz Turbo 0
CPU 7: governor  performance min/cur/max 1.5/1.496994/1.5 GHz Turbo 0
CPU 8: governor  performance min/cur/max 1.5/1.495518/1.5 GHz Turbo 0
CPU 9: governor  performance min/cur/max 1.5/1.496919/1.5 GHz Turbo 0
CPU 10: governor  performance min/cur/max 1.5/1.494243/1.5 GHz Turbo 0
CPU 11: governor  performance min/cur/max 1.5/1.495123/1.5 GHz Turbo 0
CPU 12: governor  performance min/cur/max 1.5/1.496872/1.5 GHz Turbo 0
CPU 13: governor  performance min/cur/max 1.5/1.495506/1.5 GHz Turbo 0
CPU 14: governor  performance min/cur/max 1.5/1.495356/1.5 GHz Turbo 0
CPU 15: governor  performance min/cur/max 1.5/1.495243/1.5 GHz Turbo 0
CPU 16: governor  performance min/cur/max 1.5/1.496899/1.5 GHz Turbo 0
CPU 17: governor  performance min/cur/max 1.5/1.496674/1.5 GHz Turbo 0
CPU 18: governor  performance min/cur/max 1.5/1.494241/1.5 GHz Turbo 0
CPU 19: governor  performance min/cur/max 1.5/1.496877/1.5 GHz Turbo 0
CPU 20: governor  performance min/cur/max 1.5/1.496483/1.5 GHz Turbo 0
CPU 21: governor  performance min/cur/max 1.5/1.49544/1.5 GHz Turbo 0
CPU 22: governor  performance min/cur/max 1.5/1.495205/1.5 GHz Turbo 0
CPU 23: governor  performance min/cur/max 1.5/1.49679/1.5 GHz Turbo 0
CPU 24: governor  performance min/cur/max 1.5/1.494862/1.5 GHz Turbo 0
CPU 25: governor  performance min/cur/max 1.5/1.496243/1.5 GHz Turbo 0
CPU 26: governor  performance min/cur/max 1.5/1.496824/1.5 GHz Turbo 0
CPU 27: governor  performance min/cur/max 1.5/1.494403/1.5 GHz Turbo 0
CPU 28: governor  performance min/cur/max 1.5/1.496683/1.5 GHz Turbo 0
CPU 29: governor  performance min/cur/max 1.5/1.49676/1.5 GHz Turbo 0
CPU 30: governor  performance min/cur/max 1.5/1.497121/1.5 GHz Turbo 0
CPU 31: governor  performance min/cur/max 1.5/1.496898/1.5 GHz Turbo 0
CPU 32: governor  performance min/cur/max 1.5/1.494171/1.5 GHz Turbo 0
CPU 33: governor  performance min/cur/max 1.5/1.495319/1.5 GHz Turbo 0
CPU 34: governor  performance min/cur/max 1.5/1.494539/1.5 GHz Turbo 0
CPU 35: governor  performance min/cur/max 1.5/1.496418/1.5 GHz Turbo 0
CPU 36: governor  performance min/cur/max 1.5/1.495621/1.5 GHz Turbo 0
CPU 37: governor  performance min/cur/max 1.5/1.497091/1.5 GHz Turbo 0
CPU 38: governor  performance min/cur/max 1.5/1.496355/1.5 GHz Turbo 0
CPU 39: governor  performance min/cur/max 1.5/1.496981/1.5 GHz Turbo 0
CPU 40: governor  performance min/cur/max 1.5/1.496597/1.5 GHz Turbo 0
CPU 41: governor  performance min/cur/max 1.5/1.496899/1.5 GHz Turbo 0
CPU 42: governor  performance min/cur/max 1.5/1.495902/1.5 GHz Turbo 0
CPU 43: governor  performance min/cur/max 1.5/1.497129/1.5 GHz Turbo 0
CPU 44: governor  performance min/cur/max 1.5/1.497053/1.5 GHz Turbo 0
CPU 45: governor  performance min/cur/max 1.5/1.493973/1.5 GHz Turbo 0
CPU 46: governor  performance min/cur/max 1.5/1.49545/1.5 GHz Turbo 0
CPU 47: governor  performance min/cur/max 1.5/1.496858/1.5 GHz Turbo 0

No support for Uncore frequencies
Current CPU frequencies:
CPU 0: governor  performance min/cur/max 1.5/1.495046/1.5 GHz Turbo 0
CPU 1: governor  performance min/cur/max 1.5/1.49562/1.5 GHz Turbo 0
CPU 2: governor  performance min/cur/max 1.5/1.497185/1.5 GHz Turbo 0
CPU 3: governor  performance min/cur/max 1.5/1.496261/1.5 GHz Turbo 0
CPU 4: governor  performance min/cur/max 1.5/1.495824/1.5 GHz Turbo 0
CPU 5: governor  performance min/cur/max 1.5/1.49826/1.5 GHz Turbo 0
CPU 6: governor  performance min/cur/max 1.5/1.494104/1.5 GHz Turbo 0
CPU 7: governor  performance min/cur/max 1.5/1.497094/1.5 GHz Turbo 0
CPU 8: governor  performance min/cur/max 1.5/1.495693/1.5 GHz Turbo 0
CPU 9: governor  performance min/cur/max 1.5/1.496952/1.5 GHz Turbo 0
CPU 10: governor  performance min/cur/max 1.5/1.496193/1.5 GHz Turbo 0
CPU 11: governor  performance min/cur/max 1.5/1.495892/1.5 GHz Turbo 0
CPU 12: governor  performance min/cur/max 1.5/1.496691/1.5 GHz Turbo 0
CPU 13: governor  performance min/cur/max 1.5/1.495382/1.5 GHz Turbo 0
CPU 14: governor  performance min/cur/max 1.5/1.495464/1.5 GHz Turbo 0
CPU 15: governor  performance min/cur/max 1.5/1.496231/1.5 GHz Turbo 0
CPU 16: governor  performance min/cur/max 1.5/1.496463/1.5 GHz Turbo 0
CPU 17: governor  performance min/cur/max 1.5/1.496548/1.5 GHz Turbo 0
CPU 18: governor  performance min/cur/max 1.5/1.496637/1.5 GHz Turbo 0
CPU 19: governor  performance min/cur/max 1.5/1.495484/1.5 GHz Turbo 0
CPU 20: governor  performance min/cur/max 1.5/1.497015/1.5 GHz Turbo 0
CPU 21: governor  performance min/cur/max 1.5/1.495443/1.5 GHz Turbo 0
CPU 22: governor  performance min/cur/max 1.5/1.493983/1.5 GHz Turbo 0
CPU 23: governor  performance min/cur/max 1.5/1.496867/1.5 GHz Turbo 0
CPU 24: governor  performance min/cur/max 1.5/1.494772/1.5 GHz Turbo 0
CPU 25: governor  performance min/cur/max 1.5/1.49551/1.5 GHz Turbo 0
CPU 26: governor  performance min/cur/max 1.5/1.495579/1.5 GHz Turbo 0
CPU 27: governor  performance min/cur/max 1.5/1.495424/1.5 GHz Turbo 0
CPU 28: governor  performance min/cur/max 1.5/1.496165/1.5 GHz Turbo 0
CPU 29: governor  performance min/cur/max 1.5/1.497191/1.5 GHz Turbo 0
CPU 30: governor  performance min/cur/max 1.5/1.496525/1.5 GHz Turbo 0
CPU 31: governor  performance min/cur/max 1.5/1.497226/1.5 GHz Turbo 0
CPU 32: governor  performance min/cur/max 1.5/1.495247/1.5 GHz Turbo 0
CPU 33: governor  performance min/cur/max 1.5/1.496449/1.5 GHz Turbo 0
CPU 34: governor  performance min/cur/max 1.5/1.497285/1.5 GHz Turbo 0
CPU 35: governor  performance min/cur/max 1.5/1.496733/1.5 GHz Turbo 0
CPU 36: governor  performance min/cur/max 1.5/1.495269/1.5 GHz Turbo 0
CPU 37: governor  performance min/cur/max 1.5/1.495982/1.5 GHz Turbo 0
CPU 38: governor  performance min/cur/max 1.5/1.497033/1.5 GHz Turbo 0
CPU 39: governor  performance min/cur/max 1.5/1.495544/1.5 GHz Turbo 0
CPU 40: governor  performance min/cur/max 1.5/1.496712/1.5 GHz Turbo 0
CPU 41: governor  performance min/cur/max 1.5/1.496545/1.5 GHz Turbo 0
CPU 42: governor  performance min/cur/max 1.5/1.496613/1.5 GHz Turbo 0
CPU 43: governor  performance min/cur/max 1.5/1.496617/1.5 GHz Turbo 0
CPU 44: governor  performance min/cur/max 1.5/1.496523/1.5 GHz Turbo 0
CPU 45: governor  performance min/cur/max 1.5/1.494848/1.5 GHz Turbo 0
CPU 46: governor  performance min/cur/max 1.5/1.49628/1.5 GHz Turbo 0
CPU 47: governor  performance min/cur/max 1.5/1.497044/1.5 GHz Turbo 0

No support for Uncore frequencies
Current CPU frequencies:
CPU 0: governor  performance min/cur/max 1.5/1.494834/1.5 GHz Turbo 0
CPU 1: governor  performance min/cur/max 1.5/1.495659/1.5 GHz Turbo 0
CPU 2: governor  performance min/cur/max 1.5/1.494615/1.5 GHz Turbo 0
CPU 3: governor  performance min/cur/max 1.5/1.494591/1.5 GHz Turbo 0
CPU 4: governor  performance min/cur/max 1.5/1.49523/1.5 GHz Turbo 0
CPU 5: governor  performance min/cur/max 1.5/1.4965/1.5 GHz Turbo 0
CPU 6: governor  performance min/cur/max 1.5/1.494301/1.5 GHz Turbo 0
CPU 7: governor  performance min/cur/max 1.5/1.495352/1.5 GHz Turbo 0
CPU 8: governor  performance min/cur/max 1.5/1.496189/1.5 GHz Turbo 0
CPU 9: governor  performance min/cur/max 1.5/1.496116/1.5 GHz Turbo 0
CPU 10: governor  performance min/cur/max 1.5/1.495274/1.5 GHz Turbo 0
CPU 11: governor  performance min/cur/max 1.5/1.496624/1.5 GHz Turbo 0
CPU 12: governor  performance min/cur/max 1.5/1.494411/1.5 GHz Turbo 0
CPU 13: governor  performance min/cur/max 1.5/1.494507/1.5 GHz Turbo 0
CPU 14: governor  performance min/cur/max 1.5/1.495882/1.5 GHz Turbo 0
CPU 15: governor  performance min/cur/max 1.5/1.495096/1.5 GHz Turbo 0
CPU 16: governor  performance min/cur/max 1.5/1.496017/1.5 GHz Turbo 0
CPU 17: governor  performance min/cur/max 1.5/1.496716/1.5 GHz Turbo 0
CPU 18: governor  performance min/cur/max 1.5/1.495201/1.5 GHz Turbo 0
CPU 19: governor  performance min/cur/max 1.5/1.496971/1.5 GHz Turbo 0
CPU 20: governor  performance min/cur/max 1.5/1.496573/1.5 GHz Turbo 0
CPU 21: governor  performance min/cur/max 1.5/1.494755/1.5 GHz Turbo 0
CPU 22: governor  performance min/cur/max 1.5/1.49425/1.5 GHz Turbo 0
CPU 23: governor  performance min/cur/max 1.5/1.496361/1.5 GHz Turbo 0
CPU 24: governor  performance min/cur/max 1.5/1.496066/1.5 GHz Turbo 0
CPU 25: governor  performance min/cur/max 1.5/1.494974/1.5 GHz Turbo 0
CPU 26: governor  performance min/cur/max 1.5/1.496948/1.5 GHz Turbo 0
CPU 27: governor  performance min/cur/max 1.5/1.495718/1.5 GHz Turbo 0
CPU 28: governor  performance min/cur/max 1.5/1.496368/1.5 GHz Turbo 0
CPU 29: governor  performance min/cur/max 1.5/1.496937/1.5 GHz Turbo 0
CPU 30: governor  performance min/cur/max 1.5/1.49611/1.5 GHz Turbo 0
CPU 31: governor  performance min/cur/max 1.5/1.495889/1.5 GHz Turbo 0
CPU 32: governor  performance min/cur/max 1.5/1.497063/1.5 GHz Turbo 0
CPU 33: governor  performance min/cur/max 1.5/1.495367/1.5 GHz Turbo 0
CPU 34: governor  performance min/cur/max 1.5/1.496577/1.5 GHz Turbo 0
CPU 35: governor  performance min/cur/max 1.5/1.49712/1.5 GHz Turbo 0
CPU 36: governor  performance min/cur/max 1.5/1.497773/1.5 GHz Turbo 0
CPU 37: governor  performance min/cur/max 1.5/1.495924/1.5 GHz Turbo 0
CPU 38: governor  performance min/cur/max 1.5/1.4967/1.5 GHz Turbo 0
CPU 39: governor  performance min/cur/max 1.5/1.496555/1.5 GHz Turbo 0
CPU 40: governor  performance min/cur/max 1.5/1.49533/1.5 GHz Turbo 0
CPU 41: governor  performance min/cur/max 1.5/1.497094/1.5 GHz Turbo 0
CPU 42: governor  performance min/cur/max 1.5/1.497006/1.5 GHz Turbo 0
CPU 43: governor  performance min/cur/max 1.5/1.496593/1.5 GHz Turbo 0
CPU 44: governor  performance min/cur/max 1.5/1.496422/1.5 GHz Turbo 0
CPU 45: governor  performance min/cur/max 1.5/1.49875/1.5 GHz Turbo 0
CPU 46: governor  performance min/cur/max 1.5/1.497147/1.5 GHz Turbo 0
CPU 47: governor  performance min/cur/max 1.5/1.496297/1.5 GHz Turbo 0

No support for Uncore frequencies
Current CPU frequencies:
CPU 0: governor  performance min/cur/max 1.5/1.495173/1.5 GHz Turbo 0
CPU 1: governor  performance min/cur/max 1.5/1.496301/1.5 GHz Turbo 0
CPU 2: governor  performance min/cur/max 1.5/1.497176/1.5 GHz Turbo 0
CPU 3: governor  performance min/cur/max 1.5/1.496429/1.5 GHz Turbo 0
CPU 4: governor  performance min/cur/max 1.5/1.49556/1.5 GHz Turbo 0
CPU 5: governor  performance min/cur/max 1.5/1.493145/1.5 GHz Turbo 0
CPU 6: governor  performance min/cur/max 1.5/1.496154/1.5 GHz Turbo 0
CPU 7: governor  performance min/cur/max 1.5/1.495516/1.5 GHz Turbo 0
CPU 8: governor  performance min/cur/max 1.5/1.495314/1.5 GHz Turbo 0
CPU 9: governor  performance min/cur/max 1.5/1.496372/1.5 GHz Turbo 0
CPU 10: governor  performance min/cur/max 1.5/1.49695/1.5 GHz Turbo 0
CPU 11: governor  performance min/cur/max 1.5/1.496353/1.5 GHz Turbo 0
CPU 12: governor  performance min/cur/max 1.5/1.497176/1.5 GHz Turbo 0
CPU 13: governor  performance min/cur/max 1.5/1.49643/1.5 GHz Turbo 0
CPU 14: governor  performance min/cur/max 1.5/1.495827/1.5 GHz Turbo 0
CPU 15: governor  performance min/cur/max 1.5/1.496717/1.5 GHz Turbo 0
CPU 16: governor  performance min/cur/max 1.5/1.496416/1.5 GHz Turbo 0
CPU 17: governor  performance min/cur/max 1.5/1.495661/1.5 GHz Turbo 0
CPU 18: governor  performance min/cur/max 1.5/1.496385/1.5 GHz Turbo 0
CPU 19: governor  performance min/cur/max 1.5/1.495565/1.5 GHz Turbo 0
CPU 20: governor  performance min/cur/max 1.5/1.495022/1.5 GHz Turbo 0
CPU 21: governor  performance min/cur/max 1.5/1.495776/1.5 GHz Turbo 0
CPU 22: governor  performance min/cur/max 1.5/1.496675/1.5 GHz Turbo 0
CPU 23: governor  performance min/cur/max 1.5/1.49707/1.5 GHz Turbo 0
CPU 24: governor  performance min/cur/max 1.5/1.496678/1.5 GHz Turbo 0
CPU 25: governor  performance min/cur/max 1.5/1.496148/1.5 GHz Turbo 0
CPU 26: governor  performance min/cur/max 1.5/1.496948/1.5 GHz Turbo 0
CPU 27: governor  performance min/cur/max 1.5/1.495226/1.5 GHz Turbo 0
Current CPU frequencies:
CPU 0: governor  performance min/cur/max 1.5/1.497199/1.5 GHz Turbo 0
CPU 1: governor  performance min/cur/max 1.5/1.495864/1.5 GHz Turbo 0
CPU 2: governor  performance min/cur/max 1.5/1.496365/1.5 GHz Turbo 0
CPU 3: governor  performance min/cur/max 1.5/1.496851/1.5 GHz Turbo 0
CPU 4: governor  performance min/cur/max 1.5/1.496532/1.5 GHz Turbo 0
CPU 5: governor  performance min/cur/max 1.5/1.501003/1.5 GHz Turbo 0
CPU 6: governor  performance min/cur/max 1.5/1.495826/1.5 GHz Turbo 0
CPU 7: governor  performance min/cur/max 1.5/1.49525/1.5 GHz Turbo 0
CPU 8: governor  performance min/cur/max 1.5/1.494206/1.5 GHz Turbo 0
CPU 9: governor  performance min/cur/max 1.5/1.496208/1.5 GHz Turbo 0
CPU 10: governor  performance min/cur/max 1.5/1.497109/1.5 GHz Turbo 0
CPU 11: governor  performance min/cur/max 1.5/1.4963/1.5 GHz Turbo 0
CPU 12: governor  performance min/cur/max 1.5/1.494588/1.5 GHz Turbo 0
CPU 13: governor  performance min/cur/max 1.5/1.497204/1.5 GHz Turbo 0
CPU 28: governor  performance min/cur/max 1.5/1.494429/1.5 GHz Turbo 0
CPU 29: governor  performance min/cur/max 1.5/1.496798/1.5 GHz Turbo 0
CPU 30: governor  performance min/cur/max 1.5/1.497016/1.5 GHz Turbo 0
CPU 31: governor  performance min/cur/max 1.5/1.496857/1.5 GHz Turbo 0
CPU 32: governor  performance min/cur/max 1.5/1.496594/1.5 GHz Turbo 0
CPU 33: governor  performance min/cur/max 1.5/1.495579/1.5 GHz Turbo 0
CPU 34: governor  performance min/cur/max 1.5/1.497026/1.5 GHz Turbo 0
CPU 35: governor  performance min/cur/max 1.5/1.496791/1.5 GHz Turbo 0
CPU 36: governor  performance min/cur/max 1.5/1.494879/1.5 GHz Turbo 0
CPU 37: governor  performance min/cur/max 1.5/1.496937/1.5 GHz Turbo 0
CPU 38: governor  performance min/cur/max 1.5/1.495894/1.5 GHz Turbo 0
CPU 39: governor  performance min/cur/max 1.5/1.494269/1.5 GHz Turbo 0
CPU 40: governor  performance min/cur/max 1.5/1.495177/1.5 GHz Turbo 0
CPU 41: governor  performance min/cur/max 1.5/1.496976/1.5 GHz Turbo 0
CPU 14: governor  performance min/cur/max 1.5/1.49592/1.5 GHz Turbo 0
CPU 15: governor  performance min/cur/max 1.5/1.495938/1.5 GHz Turbo 0
CPU 16: governor  performance min/cur/max 1.5/1.496664/1.5 GHz Turbo 0
CPU 17: governor  performance min/cur/max 1.5/1.495149/1.5 GHz Turbo 0
CPU 18: governor  performance min/cur/max 1.5/1.494578/1.5 GHz Turbo 0
CPU 19: governor  performance min/cur/max 1.5/1.495369/1.5 GHz Turbo 0
CPU 20: governor  performance min/cur/max 1.5/1.49617/1.5 GHz Turbo 0
CPU 21: governor  performance min/cur/max 1.5/1.495372/1.5 GHz Turbo 0
CPU 22: governor  performance min/cur/max 1.5/1.495317/1.5 GHz Turbo 0
CPU 23: governor  performance min/cur/max 1.5/1.498997/1.5 GHz Turbo 0
CPU 24: governor  performance min/cur/max 1.5/1.494499/1.5 GHz Turbo 0
CPU 25: governor  performance min/cur/max 1.5/1.496692/1.5 GHz Turbo 0
CPU 26: governor  performance min/cur/max 1.5/1.497131/1.5 GHz Turbo 0
CPU 27: governor  performance min/cur/max 1.5/1.496012/1.5 GHz Turbo 0
CPU 42: governor  performance min/cur/max 1.5/1.494218/1.5 GHz Turbo 0
CPU 43: governor  performance min/cur/max 1.5/1.495775/1.5 GHz Turbo 0
CPU 44: governor  performance min/cur/max 1.5/1.496891/1.5 GHz Turbo 0
CPU 45: governor  performance min/cur/max 1.5/1.49629/1.5 GHz Turbo 0
CPU 46: governor  performance min/cur/max 1.5/1.495746/1.5 GHz Turbo 0
CPU 47: governor  performance min/cur/max 1.5/1.496889/1.5 GHz Turbo 0

No support for Uncore frequencies
CPU 28: governor  performance min/cur/max 1.5/1.495711/1.5 GHz Turbo 0
CPU 29: governor  performance min/cur/max 1.5/1.497231/1.5 GHz Turbo 0
CPU 30: governor  performance min/cur/max 1.5/1.495728/1.5 GHz Turbo 0
CPU 31: governor  performance min/cur/max 1.5/1.496463/1.5 GHz Turbo 0
CPU 32: governor  performance min/cur/max 1.5/1.496983/1.5 GHz Turbo 0
CPU 33: governor  performance min/cur/max 1.5/1.497257/1.5 GHz Turbo 0
CPU 34: governor  performance min/cur/max 1.5/1.496009/1.5 GHz Turbo 0
CPU 35: governor  performance min/cur/max 1.5/1.496652/1.5 GHz Turbo 0
CPU 36: governor  performance min/cur/max 1.5/1.495455/1.5 GHz Turbo 0
CPU 37: governor  performance min/cur/max 1.5/1.495606/1.5 GHz Turbo 0
CPU 38: governor  performance min/cur/max 1.5/1.495899/1.5 GHz Turbo 0
CPU 39: governor  performance min/cur/max 1.5/1.494348/1.5 GHz Turbo 0
CPU 40: governor  performance min/cur/max 1.5/1.496231/1.5 GHz Turbo 0
CPU 41: governor  performance min/cur/max 1.5/1.490639/1.5 GHz Turbo 0
CPU 42: governor  performance min/cur/max 1.5/1.497597/1.5 GHz Turbo 0
CPU 43: governor  performance min/cur/max 1.5/1.496515/1.5 GHz Turbo 0
CPU 44: governor  performance min/cur/max 1.5/1.494603/1.5 GHz Turbo 0
CPU 45: governor  performance min/cur/max 1.5/1.496692/1.5 GHz Turbo 0
CPU 46: governor  performance min/cur/max 1.5/1.495015/1.5 GHz Turbo 0
CPU 47: governor  performance min/cur/max 1.5/1.496339/1.5 GHz Turbo 0

No support for Uncore frequencies
CPU 14: governor  performance min/cur/max 2.8/1.796385/2.8 GHz Turbo 0
CPU 15: governor  performance min/cur/max 2.8/1.793518/2.8 GHz Turbo 0
CPU 16: governor  performance min/cur/max 2.8/1.795948/2.8 GHz Turbo 0
CPU 17: governor  performance min/cur/max 2.8/1.794709/2.8 GHz Turbo 0
CPU 18: governor  performance min/cur/max 2.8/1.794174/2.8 GHz Turbo 0
CPU 19: governor  performance min/cur/max 2.8/1.796264/2.8 GHz Turbo 0
CPU 20: governor  performance min/cur/max 2.8/1.794405/2.8 GHz Turbo 0
CPU 21: governor  performance min/cur/max 2.8/1.794395/2.8 GHz Turbo 0
CPU 22: governor  performance min/cur/max 2.8/1.794995/2.8 GHz Turbo 0
CPU 23: governor  performance min/cur/max 2.8/1.794486/2.8 GHz Turbo 0
CPU 24: governor  performance min/cur/max 2.8/1.79568/2.8 GHz Turbo 0
CPU 25: governor  performance min/cur/max 2.8/1.796277/2.8 GHz Turbo 0
CPU 26: governor  performance min/cur/max 2.8/1.796292/2.8 GHz Turbo 0
CPU 27: governor  performance min/cur/max 2.8/1.796275/2.8 GHz Turbo 0
CPU 28: governor  performance min/cur/max 2.8/1.79578/2.8 GHz Turbo 0
CPU 29: governor  performance min/cur/max 2.8/1.796358/2.8 GHz Turbo 0
CPU 30: governor  performance min/cur/max 2.8/1.796356/2.8 GHz Turbo 0
CPU 31: governor  performance min/cur/max 2.8/1.795154/2.8 GHz Turbo 0
CPU 32: governor  performance min/cur/max 2.8/1.796201/2.8 GHz Turbo 0
CPU 33: governor  performance min/cur/max 2.8/1.796532/2.8 GHz Turbo 0
CPU 34: governor  performance min/cur/max 2.8/1.791415/2.8 GHz Turbo 0
CPU 35: governor  performance min/cur/max 2.8/1.795932/2.8 GHz Turbo 0
CPU 36: governor  performance min/cur/max 2.8/1.794651/2.8 GHz Turbo 0
CPU 37: governor  performance min/cur/max 2.8/1.796361/2.8 GHz Turbo 0
CPU 38: governor  performance min/cur/max 2.8/1.795929/2.8 GHz Turbo 0
CPU 39: governor  performance min/cur/max 2.8/1.79497/2.8 GHz Turbo 0
CPU 40: governor  performance min/cur/max 2.8/1.795463/2.8 GHz Turbo 0
CPU 41: governor  performance min/cur/max 2.8/1.795723/2.8 GHz Turbo 0
CPU 42: governor  performance min/cur/max 2.8/1.795385/2.8 GHz Turbo 0
CPU 43: governor  performance min/cur/max 2.8/1.793052/2.8 GHz Turbo 0
CPU 44: governor  performance min/cur/max 2.8/1.796498/2.8 GHz Turbo 0
CPU 45: governor  performance min/cur/max 2.8/1.79304/2.8 GHz Turbo 0
CPU 46: governor  performance min/cur/max 2.8/1.795281/2.8 GHz Turbo 0
CPU 47: governor  performance min/cur/max 2.8/1.796166/2.8 GHz Turbo 0

No support for Uncore frequencies
Current CPU frequencies:
CPU 0: governor  performance min/cur/max 1.5/1.496076/1.5 GHz Turbo 0
CPU 1: governor  performance min/cur/max 1.5/1.495575/1.5 GHz Turbo 0
CPU 2: governor  performance min/cur/max 1.5/1.497137/1.5 GHz Turbo 0
CPU 3: governor  performance min/cur/max 1.5/1.494743/1.5 GHz Turbo 0
CPU 4: governor  performance min/cur/max 1.5/1.494677/1.5 GHz Turbo 0
CPU 5: governor  performance min/cur/max 1.5/1.497203/1.5 GHz Turbo 0
CPU 6: governor  performance min/cur/max 1.5/1.494829/1.5 GHz Turbo 0
CPU 7: governor  performance min/cur/max 1.5/1.494907/1.5 GHz Turbo 0
CPU 8: governor  performance min/cur/max 1.5/1.495266/1.5 GHz Turbo 0
CPU 9: governor  performance min/cur/max 1.5/1.495299/1.5 GHz Turbo 0
CPU 10: governor  performance min/cur/max 1.5/1.497663/1.5 GHz Turbo 0
CPU 11: governor  performance min/cur/max 1.5/1.49608/1.5 GHz Turbo 0
CPU 12: governor  performance min/cur/max 1.5/1.496421/1.5 GHz Turbo 0
CPU 13: governor  performance min/cur/max 1.5/1.496822/1.5 GHz Turbo 0
CPU 14: governor  performance min/cur/max 1.5/1.49666/1.5 GHz Turbo 0
CPU 15: governor  performance min/cur/max 1.5/1.494315/1.5 GHz Turbo 0
CPU 16: governor  performance min/cur/max 1.5/1.497059/1.5 GHz Turbo 0
CPU 17: governor  performance min/cur/max 1.5/1.496524/1.5 GHz Turbo 0
CPU 18: governor  performance min/cur/max 1.5/1.496368/1.5 GHz Turbo 0
CPU 19: governor  performance min/cur/max 1.5/1.494698/1.5 GHz Turbo 0
CPU 20: governor  performance min/cur/max 1.5/1.495277/1.5 GHz Turbo 0
CPU 21: governor  performance min/cur/max 1.5/1.495643/1.5 GHz Turbo 0
CPU 22: governor  performance min/cur/max 1.5/1.496523/1.5 GHz Turbo 0
CPU 23: governor  performance min/cur/max 1.5/1.496158/1.5 GHz Turbo 0
CPU 24: governor  performance min/cur/max 1.5/1.495299/1.5 GHz Turbo 0
CPU 25: governor  performance min/cur/max 1.5/1.496914/1.5 GHz Turbo 0
CPU 26: governor  performance min/cur/max 1.5/1.49706/1.5 GHz Turbo 0
CPU 27: governor  performance min/cur/max 1.5/1.496762/1.5 GHz Turbo 0
CPU 28: governor  performance min/cur/max 1.5/1.496053/1.5 GHz Turbo 0
CPU 29: governor  performance min/cur/max 1.5/1.495964/1.5 GHz Turbo 0
CPU 30: governor  performance min/cur/max 1.5/1.495324/1.5 GHz Turbo 0
CPU 31: governor  performance min/cur/max 1.5/1.495726/1.5 GHz Turbo 0
CPU 32: governor  performance min/cur/max 1.5/1.496544/1.5 GHz Turbo 0
CPU 33: governor  performance min/cur/max 1.5/1.495613/1.5 GHz Turbo 0
CPU 34: governor  performance min/cur/max 1.5/1.495973/1.5 GHz Turbo 0
CPU 35: governor  performance min/cur/max 1.5/1.496803/1.5 GHz Turbo 0
CPU 36: governor  performance min/cur/max 1.5/1.49623/1.5 GHz Turbo 0
CPU 37: governor  performance min/cur/max 1.5/1.494838/1.5 GHz Turbo 0
CPU 38: governor  performance min/cur/max 1.5/1.4968/1.5 GHz Turbo 0
CPU 39: governor  performance min/cur/max 1.5/1.496294/1.5 GHz Turbo 0
CPU 40: governor  performance min/cur/max 1.5/1.496444/1.5 GHz Turbo 0
CPU 41: governor  performance min/cur/max 1.5/1.496937/1.5 GHz Turbo 0
CPU 42: governor  performance min/cur/max 1.5/1.495502/1.5 GHz Turbo 0
CPU 43: governor  performance min/cur/max 1.5/1.496758/1.5 GHz Turbo 0
CPU 44: governor  performance min/cur/max 1.5/1.496633/1.5 GHz Turbo 0
CPU 45: governor  performance min/cur/max 1.5/1.496914/1.5 GHz Turbo 0
CPU 46: governor  performance min/cur/max 1.5/1.494805/1.5 GHz Turbo 0
CPU 47: governor  performance min/cur/max 1.5/1.496888/1.5 GHz Turbo 0

No support for Uncore frequencies
Current CPU frequencies:
CPU 0: governor  performance min/cur/max 1.5/1.496818/1.5 GHz Turbo 0
CPU 1: governor  performance min/cur/max 1.5/1.495507/1.5 GHz Turbo 0
CPU 2: governor  performance min/cur/max 1.5/1.494824/1.5 GHz Turbo 0
CPU 3: governor  performance min/cur/max 1.5/1.496687/1.5 GHz Turbo 0
CPU 4: governor  performance min/cur/max 1.5/1.495196/1.5 GHz Turbo 0
CPU 5: governor  performance min/cur/max 1.5/1.493423/1.5 GHz Turbo 0
CPU 6: governor  performance min/cur/max 1.5/1.496365/1.5 GHz Turbo 0
CPU 7: governor  performance min/cur/max 1.5/1.496103/1.5 GHz Turbo 0
CPU 8: governor  performance min/cur/max 1.5/1.495608/1.5 GHz Turbo 0
CPU 9: governor  performance min/cur/max 1.5/1.496146/1.5 GHz Turbo 0
CPU 10: governor  performance min/cur/max 1.5/1.494895/1.5 GHz Turbo 0
CPU 11: governor  performance min/cur/max 1.5/1.495316/1.5 GHz Turbo 0
CPU 12: governor  performance min/cur/max 1.5/1.496673/1.5 GHz Turbo 0
CPU 13: governor  performance min/cur/max 1.5/1.496517/1.5 GHz Turbo 0
CPU 14: governor  performance min/cur/max 1.5/1.495579/1.5 GHz Turbo 0
CPU 15: governor  performance min/cur/max 1.5/1.495866/1.5 GHz Turbo 0
CPU 16: governor  performance min/cur/max 1.5/1.495749/1.5 GHz Turbo 0
CPU 17: governor  performance min/cur/max 1.5/1.495561/1.5 GHz Turbo 0
CPU 18: governor  performance min/cur/max 1.5/1.496882/1.5 GHz Turbo 0
CPU 19: governor  performance min/cur/max 1.5/1.49602/1.5 GHz Turbo 0
CPU 20: governor  performance min/cur/max 1.5/1.495822/1.5 GHz Turbo 0
CPU 21: governor  performance min/cur/max 1.5/1.495342/1.5 GHz Turbo 0
CPU 22: governor  performance min/cur/max 1.5/1.495769/1.5 GHz Turbo 0
CPU 23: governor  performance min/cur/max 1.5/1.497025/1.5 GHz Turbo 0
CPU 24: governor  performance min/cur/max 1.5/1.49579/1.5 GHz Turbo 0
CPU 25: governor  performance min/cur/max 1.5/1.495723/1.5 GHz Turbo 0
CPU 26: governor  performance min/cur/max 1.5/1.496954/1.5 GHz Turbo 0
CPU 27: governor  performance min/cur/max 1.5/1.495424/1.5 GHz Turbo 0
CPU 28: governor  performance min/cur/max 1.5/1.495899/1.5 GHz Turbo 0
CPU 29: governor  performance min/cur/max 1.5/1.496881/1.5 GHz Turbo 0
CPU 30: governor  performance min/cur/max 1.5/1.495557/1.5 GHz Turbo 0
CPU 31: governor  performance min/cur/max 1.5/1.495125/1.5 GHz Turbo 0
CPU 32: governor  performance min/cur/max 1.5/1.496921/1.5 GHz Turbo 0
CPU 33: governor  performance min/cur/max 1.5/1.495995/1.5 GHz Turbo 0
CPU 34: governor  performance min/cur/max 1.5/1.495269/1.5 GHz Turbo 0
CPU 35: governor  performance min/cur/max 1.5/1.496667/1.5 GHz Turbo 0
CPU 36: governor  performance min/cur/max 1.5/1.495451/1.5 GHz Turbo 0
CPU 37: governor  performance min/cur/max 1.5/1.495222/1.5 GHz Turbo 0
CPU 38: governor  performance min/cur/max 1.5/1.496655/1.5 GHz Turbo 0
CPU 39: governor  performance min/cur/max 1.5/1.495256/1.5 GHz Turbo 0
CPU 40: governor  performance min/cur/max 1.5/1.495106/1.5 GHz Turbo 0
CPU 41: governor  performance min/cur/max 1.5/1.49603/1.5 GHz Turbo 0
CPU 42: governor  performance min/cur/max 1.5/1.4963/1.5 GHz Turbo 0
CPU 43: governor  performance min/cur/max 1.5/1.495612/1.5 GHz Turbo 0
CPU 44: governor  performance min/cur/max 1.5/1.495232/1.5 GHz Turbo 0
CPU 45: governor  performance min/cur/max 1.5/1.49442/1.5 GHz Turbo 0
CPU 46: governor  performance min/cur/max 1.5/1.495045/1.5 GHz Turbo 0
CPU 47: governor  performance min/cur/max 1.5/1.496867/1.5 GHz Turbo 0

No support for Uncore frequencies
Current CPU frequencies:
CPU 0: governor  performance min/cur/max 1.5/1.496488/1.5 GHz Turbo 0
CPU 1: governor  performance min/cur/max 1.5/1.495692/1.5 GHz Turbo 0
CPU 2: governor  performance min/cur/max 1.5/1.495857/1.5 GHz Turbo 0
CPU 3: governor  performance min/cur/max 1.5/1.495913/1.5 GHz Turbo 0
CPU 4: governor  performance min/cur/max 1.5/1.497643/1.5 GHz Turbo 0
CPU 5: governor  performance min/cur/max 1.5/1.493663/1.5 GHz Turbo 0
CPU 6: governor  performance min/cur/max 1.5/1.496413/1.5 GHz Turbo 0
CPU 7: governor  performance min/cur/max 1.5/1.495823/1.5 GHz Turbo 0
CPU 8: governor  performance min/cur/max 1.5/1.495309/1.5 GHz Turbo 0
CPU 9: governor  performance min/cur/max 1.5/1.494017/1.5 GHz Turbo 0
CPU 10: governor  performance min/cur/max 1.5/1.496277/1.5 GHz Turbo 0
CPU 11: governor  performance min/cur/max 1.5/1.496516/1.5 GHz Turbo 0
CPU 12: governor  performance min/cur/max 1.5/1.495163/1.5 GHz Turbo 0
CPU 13: governor  performance min/cur/max 1.5/1.495158/1.5 GHz Turbo 0
CPU 14: governor  performance min/cur/max 1.5/1.497011/1.5 GHz Turbo 0
CPU 15: governor  performance min/cur/max 1.5/1.495479/1.5 GHz Turbo 0
CPU 16: governor  performance min/cur/max 1.5/1.496056/1.5 GHz Turbo 0
CPU 17: governor  performance min/cur/max 1.5/1.49689/1.5 GHz Turbo 0
CPU 18: governor  performance min/cur/max 1.5/1.497271/1.5 GHz Turbo 0
CPU 19: governor  performance min/cur/max 1.5/1.496514/1.5 GHz Turbo 0
CPU 20: governor  performance min/cur/max 1.5/1.496228/1.5 GHz Turbo 0
CPU 21: governor  performance min/cur/max 1.5/1.495477/1.5 GHz Turbo 0
CPU 22: governor  performance min/cur/max 1.5/1.496063/1.5 GHz Turbo 0
CPU 23: governor  performance min/cur/max 1.5/1.495988/1.5 GHz Turbo 0
CPU 24: governor  performance min/cur/max 1.5/1.495841/1.5 GHz Turbo 0
CPU 25: governor  performance min/cur/max 1.5/1.496366/1.5 GHz Turbo 0
CPU 26: governor  performance min/cur/max 1.5/1.496941/1.5 GHz Turbo 0
CPU 27: governor  performance min/cur/max 1.5/1.497298/1.5 GHz Turbo 0
CPU 28: governor  performance min/cur/max 1.5/1.496696/1.5 GHz Turbo 0
CPU 29: governor  performance min/cur/max 1.5/1.496519/1.5 GHz Turbo 0
CPU 30: governor  performance min/cur/max 1.5/1.495342/1.5 GHz Turbo 0
CPU 31: governor  performance min/cur/max 1.5/1.496021/1.5 GHz Turbo 0
CPU 32: governor  performance min/cur/max 1.5/1.496875/1.5 GHz Turbo 0
CPU 33: governor  performance min/cur/max 1.5/1.496286/1.5 GHz Turbo 0
CPU 34: governor  performance min/cur/max 1.5/1.496107/1.5 GHz Turbo 0
CPU 35: governor  performance min/cur/max 1.5/1.49682/1.5 GHz Turbo 0
CPU 36: governor  performance min/cur/max 1.5/1.496525/1.5 GHz Turbo 0
CPU 37: governor  performance min/cur/max 1.5/1.494881/1.5 GHz Turbo 0
CPU 38: governor  performance min/cur/max 1.5/1.496665/1.5 GHz Turbo 0
CPU 39: governor  performance min/cur/max 1.5/1.496009/1.5 GHz Turbo 0
CPU 40: governor  performance min/cur/max 1.5/1.496677/1.5 GHz Turbo 0
CPU 41: governor  performance min/cur/max 1.5/1.496984/1.5 GHz Turbo 0
CPU 42: governor  performance min/cur/max 1.5/1.49579/1.5 GHz Turbo 0
CPU 43: governor  performance min/cur/max 1.5/1.496303/1.5 GHz Turbo 0
CPU 44: governor  performance min/cur/max 1.5/1.496706/1.5 GHz Turbo 0
CPU 45: governor  performance min/cur/max 1.5/1.495423/1.5 GHz Turbo 0
CPU 46: governor  performance min/cur/max 1.5/1.49616/1.5 GHz Turbo 0
CPU 47: governor  performance min/cur/max 1.5/1.496779/1.5 GHz Turbo 0

No support for Uncore frequencies
Current CPU frequencies:
CPU 0: governor  performance min/cur/max 1.5/1.494527/1.5 GHz Turbo 0
CPU 1: governor  performance min/cur/max 1.5/1.495583/1.5 GHz Turbo 0
CPU 2: governor  performance min/cur/max 1.5/1.495658/1.5 GHz Turbo 0
CPU 3: governor  performance min/cur/max 1.5/1.496612/1.5 GHz Turbo 0
CPU 4: governor  performance min/cur/max 1.5/1.495818/1.5 GHz Turbo 0
CPU 5: governor  performance min/cur/max 1.5/1.497903/1.5 GHz Turbo 0
CPU 6: governor  performance min/cur/max 1.5/1.495979/1.5 GHz Turbo 0
CPU 7: governor  performance min/cur/max 1.5/1.496772/1.5 GHz Turbo 0
CPU 8: governor  performance min/cur/max 1.5/1.496119/1.5 GHz Turbo 0
CPU 9: governor  performance min/cur/max 1.5/1.495402/1.5 GHz Turbo 0
CPU 10: governor  performance min/cur/max 1.5/1.495846/1.5 GHz Turbo 0
CPU 11: governor  performance min/cur/max 1.5/1.496905/1.5 GHz Turbo 0
CPU 12: governor  performance min/cur/max 1.5/1.495743/1.5 GHz Turbo 0
CPU 13: governor  performance min/cur/max 1.5/1.495669/1.5 GHz Turbo 0
CPU 14: governor  performance min/cur/max 1.5/1.497037/1.5 GHz Turbo 0
CPU 15: governor  performance min/cur/max 1.5/1.496135/1.5 GHz Turbo 0
CPU 16: governor  performance min/cur/max 1.5/1.494625/1.5 GHz Turbo 0
CPU 17: governor  performance min/cur/max 1.5/1.496713/1.5 GHz Turbo 0
CPU 18: governor  performance min/cur/max 1.5/1.495038/1.5 GHz Turbo 0
CPU 19: governor  performance min/cur/max 1.5/1.495176/1.5 GHz Turbo 0
CPU 20: governor  performance min/cur/max 1.5/1.498408/1.5 GHz Turbo 0
CPU 21: governor  performance min/cur/max 1.5/1.495753/1.5 GHz Turbo 0
CPU 22: governor  performance min/cur/max 1.5/1.495588/1.5 GHz Turbo 0
CPU 23: governor  performance min/cur/max 1.5/1.497771/1.5 GHz Turbo 0
CPU 24: governor  performance min/cur/max 1.5/1.497284/1.5 GHz Turbo 0
CPU 25: governor  performance min/cur/max 1.5/1.494956/1.5 GHz Turbo 0
CPU 26: governor  performance min/cur/max 1.5/1.496671/1.5 GHz Turbo 0
CPU 27: governor  performance min/cur/max 1.5/1.498034/1.5 GHz Turbo 0
CPU 28: governor  performance min/cur/max 1.5/1.496213/1.5 GHz Turbo 0
CPU 29: governor  performance min/cur/max 1.5/1.49686/1.5 GHz Turbo 0
CPU 30: governor  performance min/cur/max 1.5/1.496969/1.5 GHz Turbo 0
CPU 31: governor  performance min/cur/max 1.5/1.494997/1.5 GHz Turbo 0
CPU 32: governor  performance min/cur/max 1.5/1.495915/1.5 GHz Turbo 0
CPU 33: governor  performance min/cur/max 1.5/1.496006/1.5 GHz Turbo 0
CPU 34: governor  performance min/cur/max 1.5/1.49621/1.5 GHz Turbo 0
CPU 35: governor  performance min/cur/max 1.5/1.493376/1.5 GHz Turbo 0
CPU 36: governor  performance min/cur/max 1.5/1.496459/1.5 GHz Turbo 0
CPU 37: governor  performance min/cur/max 1.5/1.495925/1.5 GHz Turbo 0
CPU 38: governor  performance min/cur/max 1.5/1.496814/1.5 GHz Turbo 0
CPU 39: governor  performance min/cur/max 1.5/1.496976/1.5 GHz Turbo 0
CPU 40: governor  performance min/cur/max 1.5/1.496679/1.5 GHz Turbo 0
CPU 41: governor  performance min/cur/max 1.5/1.497055/1.5 GHz Turbo 0
CPU 42: governor  performance min/cur/max 1.5/1.495849/1.5 GHz Turbo 0
CPU 43: governor  performance min/cur/max 1.5/1.495683/1.5 GHz Turbo 0
CPU 44: governor  performance min/cur/max 1.5/1.49701/1.5 GHz Turbo 0
CPU 45: governor  performance min/cur/max 1.5/1.495363/1.5 GHz Turbo 0
CPU 46: governor  performance min/cur/max 1.5/1.495032/1.5 GHz Turbo 0
CPU 47: governor  performance min/cur/max 1.5/1.496841/1.5 GHz Turbo 0

No support for Uncore frequencies
Current CPU frequencies:
CPU 0: governor  performance min/cur/max 1.5/1.495602/1.5 GHz Turbo 0
CPU 1: governor  performance min/cur/max 1.5/1.496089/1.5 GHz Turbo 0
CPU 2: governor  performance min/cur/max 1.5/1.496243/1.5 GHz Turbo 0
CPU 3: governor  performance min/cur/max 1.5/1.497025/1.5 GHz Turbo 0
CPU 4: governor  performance min/cur/max 1.5/1.494123/1.5 GHz Turbo 0
CPU 5: governor  performance min/cur/max 1.5/1.495633/1.5 GHz Turbo 0
CPU 6: governor  performance min/cur/max 1.5/1.496155/1.5 GHz Turbo 0
CPU 7: governor  performance min/cur/max 1.5/1.497743/1.5 GHz Turbo 0
CPU 8: governor  performance min/cur/max 1.5/1.497133/1.5 GHz Turbo 0
CPU 9: governor  performance min/cur/max 1.5/1.494342/1.5 GHz Turbo 0
CPU 10: governor  performance min/cur/max 1.5/1.496679/1.5 GHz Turbo 0
CPU 11: governor  performance min/cur/max 1.5/1.496753/1.5 GHz Turbo 0
CPU 12: governor  performance min/cur/max 1.5/1.495979/1.5 GHz Turbo 0
CPU 13: governor  performance min/cur/max 1.5/1.495292/1.5 GHz Turbo 0
CPU 14: governor  performance min/cur/max 1.5/1.49613/1.5 GHz Turbo 0
CPU 15: governor  performance min/cur/max 1.5/1.496423/1.5 GHz Turbo 0
CPU 16: governor  performance min/cur/max 1.5/1.496925/1.5 GHz Turbo 0
CPU 17: governor  performance min/cur/max 1.5/1.495555/1.5 GHz Turbo 0
CPU 18: governor  performance min/cur/max 1.5/1.495346/1.5 GHz Turbo 0
CPU 19: governor  performance min/cur/max 1.5/1.495137/1.5 GHz Turbo 0
CPU 20: governor  performance min/cur/max 1.5/1.496071/1.5 GHz Turbo 0
CPU 21: governor  performance min/cur/max 1.5/1.495268/1.5 GHz Turbo 0
CPU 22: governor  performance min/cur/max 1.5/1.496543/1.5 GHz Turbo 0
CPU 23: governor  performance min/cur/max 1.5/1.497802/1.5 GHz Turbo 0
CPU 24: governor  performance min/cur/max 1.5/1.494211/1.5 GHz Turbo 0
CPU 25: governor  performance min/cur/max 1.5/1.496489/1.5 GHz Turbo 0
CPU 26: governor  performance min/cur/max 1.5/1.496795/1.5 GHz Turbo 0
CPU 27: governor  performance min/cur/max 1.5/1.497367/1.5 GHz Turbo 0
Current CPU frequencies:
CPU 0: governor  performance min/cur/max 1.5/1.49689/1.5 GHz Turbo 0
CPU 1: governor  performance min/cur/max 1.5/1.496236/1.5 GHz Turbo 0
CPU 2: governor  performance min/cur/max 1.5/1.495878/1.5 GHz Turbo 0
CPU 3: governor  performance min/cur/max 1.5/1.496854/1.5 GHz Turbo 0
CPU 4: governor  performance min/cur/max 1.5/1.495636/1.5 GHz Turbo 0
CPU 5: governor  performance min/cur/max 1.5/1.496045/1.5 GHz Turbo 0
CPU 6: governor  performance min/cur/max 1.5/1.494963/1.5 GHz Turbo 0
CPU 7: governor  performance min/cur/max 1.5/1.495152/1.5 GHz Turbo 0
CPU 8: governor  performance min/cur/max 1.5/1.495372/1.5 GHz Turbo 0
CPU 9: governor  performance min/cur/max 1.5/1.495909/1.5 GHz Turbo 0
CPU 10: governor  performance min/cur/max 1.5/1.495601/1.5 GHz Turbo 0
CPU 11: governor  performance min/cur/max 1.5/1.495968/1.5 GHz Turbo 0
CPU 12: governor  performance min/cur/max 1.5/1.496141/1.5 GHz Turbo 0
CPU 13: governor  performance min/cur/max 1.5/1.496945/1.5 GHz Turbo 0
CPU 14: governor  performance min/cur/max 1.5/1.495364/1.5 GHz Turbo 0
CPU 15: governor  performance min/cur/max 1.5/1.495793/1.5 GHz Turbo 0
CPU 16: governor  performance min/cur/max 1.5/1.496929/1.5 GHz Turbo 0
CPU 17: governor  performance min/cur/max 1.5/1.495674/1.5 GHz Turbo 0
CPU 18: governor  performance min/cur/max 1.5/1.496385/1.5 GHz Turbo 0
CPU 19: governor  performance min/cur/max 1.5/1.495839/1.5 GHz Turbo 0
CPU 20: governor  performance min/cur/max 1.5/1.494778/1.5 GHz Turbo 0
CPU 21: governor  performance min/cur/max 1.5/1.495475/1.5 GHz Turbo 0
CPU 22: governor  performance min/cur/max 1.5/1.49687/1.5 GHz Turbo 0
CPU 23: governor  performance min/cur/max 1.5/1.492922/1.5 GHz Turbo 0
CPU 24: governor  performance min/cur/max 1.5/1.496449/1.5 GHz Turbo 0
CPU 25: governor  performance min/cur/max 1.5/1.495707/1.5 GHz Turbo 0
CPU 26: governor  performance min/cur/max 1.5/1.497035/1.5 GHz Turbo 0
CPU 27: governor  performance min/cur/max 1.5/1.495018/1.5 GHz Turbo 0
CPU 28: governor  performance min/cur/max 1.5/1.494699/1.5 GHz Turbo 0
CPU 29: governor  performance min/cur/max 1.5/1.496384/1.5 GHz Turbo 0
CPU 30: governor  performance min/cur/max 1.5/1.496972/1.5 GHz Turbo 0
CPU 31: governor  performance min/cur/max 1.5/1.496615/1.5 GHz Turbo 0
CPU 32: governor  performance min/cur/max 1.5/1.495509/1.5 GHz Turbo 0
CPU 33: governor  performance min/cur/max 1.5/1.495561/1.5 GHz Turbo 0
CPU 34: governor  performance min/cur/max 1.5/1.495573/1.5 GHz Turbo 0
CPU 35: governor  performance min/cur/max 1.5/1.496782/1.5 GHz Turbo 0
CPU 36: governor  performance min/cur/max 1.5/1.496705/1.5 GHz Turbo 0
CPU 37: governor  performance min/cur/max 1.5/1.494719/1.5 GHz Turbo 0
CPU 38: governor  performance min/cur/max 1.5/1.488925/1.5 GHz Turbo 0
CPU 39: governor  performance min/cur/max 1.5/1.496379/1.5 GHz Turbo 0
CPU 40: governor  performance min/cur/max 1.5/1.495821/1.5 GHz Turbo 0
CPU 41: governor  performance min/cur/max 1.5/1.496651/1.5 GHz Turbo 0
CPU 42: governor  performance min/cur/max 1.5/1.496377/1.5 GHz Turbo 0
CPU 43: governor  performance min/cur/max 1.5/1.496982/1.5 GHz Turbo 0
CPU 44: governor  performance min/cur/max 1.5/1.496986/1.5 GHz Turbo 0
CPU 45: governor  performance min/cur/max 1.5/1.49685/1.5 GHz Turbo 0
CPU 46: governor  performance min/cur/max 1.5/1.495724/1.5 GHz Turbo 0
CPU 47: governor  performance min/cur/max 1.5/1.496305/1.5 GHz Turbo 0

No support for Uncore frequencies
CPU 28: governor  performance min/cur/max 1.5/1.496373/1.5 GHz Turbo 0
CPU 29: governor  performance min/cur/max 1.5/1.49712/1.5 GHz Turbo 0
CPU 30: governor  performance min/cur/max 1.5/1.495411/1.5 GHz Turbo 0
CPU 31: governor  performance min/cur/max 1.5/1.49512/1.5 GHz Turbo 0
CPU 32: governor  performance min/cur/max 1.5/1.496976/1.5 GHz Turbo 0
CPU 33: governor  performance min/cur/max 1.5/1.496754/1.5 GHz Turbo 0
CPU 34: governor  performance min/cur/max 1.5/1.494204/1.5 GHz Turbo 0
CPU 35: governor  performance min/cur/max 1.5/1.496725/1.5 GHz Turbo 0
CPU 36: governor  performance min/cur/max 1.5/1.497113/1.5 GHz Turbo 0
CPU 37: governor  performance min/cur/max 1.5/1.495216/1.5 GHz Turbo 0
CPU 38: governor  performance min/cur/max 1.5/1.496721/1.5 GHz Turbo 0
CPU 39: governor  performance min/cur/max 1.5/1.496982/1.5 GHz Turbo 0
CPU 40: governor  performance min/cur/max 1.5/1.496906/1.5 GHz Turbo 0
CPU 41: governor  performance min/cur/max 1.5/1.495016/1.5 GHz Turbo 0
CPU 42: governor  performance min/cur/max 1.5/1.495902/1.5 GHz Turbo 0
CPU 43: governor  performance min/cur/max 1.5/1.495261/1.5 GHz Turbo 0
CPU 44: governor  performance min/cur/max 1.5/1.496641/1.5 GHz Turbo 0
CPU 45: governor  performance min/cur/max 1.5/1.493767/1.5 GHz Turbo 0
CPU 46: governor  performance min/cur/max 1.5/1.495025/1.5 GHz Turbo 0
CPU 47: governor  performance min/cur/max 1.5/1.496421/1.5 GHz Turbo 0

No support for Uncore frequencies
Current CPU frequencies:
CPU 0: governor  performance min/cur/max 1.5/1.495545/1.5 GHz Turbo 0
CPU 1: governor  performance min/cur/max 1.5/1.4963/1.5 GHz Turbo 0
CPU 2: governor  performance min/cur/max 1.5/1.495505/1.5 GHz Turbo 0
CPU 3: governor  performance min/cur/max 1.5/1.4968/1.5 GHz Turbo 0
CPU 4: governor  performance min/cur/max 1.5/1.49712/1.5 GHz Turbo 0
CPU 5: governor  performance min/cur/max 1.5/1.496597/1.5 GHz Turbo 0
CPU 6: governor  performance min/cur/max 1.5/1.496186/1.5 GHz Turbo 0
CPU 7: governor  performance min/cur/max 1.5/1.495407/1.5 GHz Turbo 0
CPU 8: governor  performance min/cur/max 1.5/1.495228/1.5 GHz Turbo 0
CPU 9: governor  performance min/cur/max 1.5/1.495911/1.5 GHz Turbo 0
CPU 10: governor  performance min/cur/max 1.5/1.495561/1.5 GHz Turbo 0
CPU 11: governor  performance min/cur/max 1.5/1.497501/1.5 GHz Turbo 0
CPU 12: governor  performance min/cur/max 1.5/1.49576/1.5 GHz Turbo 0
CPU 13: governor  performance min/cur/max 1.5/1.496895/1.5 GHz Turbo 0
CPU 14: governor  performance min/cur/max 1.5/1.495814/1.5 GHz Turbo 0
CPU 15: governor  performance min/cur/max 1.5/1.496889/1.5 GHz Turbo 0
CPU 16: governor  performance min/cur/max 1.5/1.496458/1.5 GHz Turbo 0
CPU 17: governor  performance min/cur/max 1.5/1.496859/1.5 GHz Turbo 0
CPU 18: governor  performance min/cur/max 1.5/1.496049/1.5 GHz Turbo 0
CPU 19: governor  performance min/cur/max 1.5/1.495519/1.5 GHz Turbo 0
CPU 20: governor  performance min/cur/max 1.5/1.497347/1.5 GHz Turbo 0
CPU 21: governor  performance min/cur/max 1.5/1.495508/1.5 GHz Turbo 0
CPU 22: governor  performance min/cur/max 1.5/1.496098/1.5 GHz Turbo 0
CPU 23: governor  performance min/cur/max 1.5/1.493686/1.5 GHz Turbo 0
CPU 24: governor  performance min/cur/max 1.5/1.4966/1.5 GHz Turbo 0
CPU 25: governor  performance min/cur/max 1.5/1.496304/1.5 GHz Turbo 0
CPU 26: governor  performance min/cur/max 1.5/1.497021/1.5 GHz Turbo 0
CPU 27: governor  performance min/cur/max 1.5/1.495183/1.5 GHz Turbo 0
CPU 28: governor  performance min/cur/max 1.5/1.494702/1.5 GHz Turbo 0
CPU 29: governor  performance min/cur/max 1.5/1.497104/1.5 GHz Turbo 0
CPU 30: governor  performance min/cur/max 1.5/1.493824/1.5 GHz Turbo 0
CPU 31: governor  performance min/cur/max 1.5/1.497104/1.5 GHz Turbo 0
CPU 32: governor  performance min/cur/max 1.5/1.496659/1.5 GHz Turbo 0
CPU 33: governor  performance min/cur/max 1.5/1.495311/1.5 GHz Turbo 0
CPU 34: governor  performance min/cur/max 1.5/1.494756/1.5 GHz Turbo 0
CPU 35: governor  performance min/cur/max 1.5/1.493852/1.5 GHz Turbo 0
CPU 36: governor  performance min/cur/max 1.5/1.495615/1.5 GHz Turbo 0
CPU 37: governor  performance min/cur/max 1.5/1.494514/1.5 GHz Turbo 0
CPU 38: governor  performance min/cur/max 1.5/1.496676/1.5 GHz Turbo 0
CPU 39: governor  performance min/cur/max 1.5/1.495201/1.5 GHz Turbo 0
CPU 40: governor  performance min/cur/max 1.5/1.495892/1.5 GHz Turbo 0
CPU 41: governor  performance min/cur/max 1.5/1.495298/1.5 GHz Turbo 0
CPU 42: governor  performance min/cur/max 1.5/1.495655/1.5 GHz Turbo 0
CPU 43: governor  performance min/cur/max 1.5/1.496663/1.5 GHz Turbo 0
CPU 44: governor  performance min/cur/max 1.5/1.496631/1.5 GHz Turbo 0
CPU 45: governor  performance min/cur/max 1.5/1.49595/1.5 GHz Turbo 0
CPU 46: governor  performance min/cur/max 1.5/1.49712/1.5 GHz Turbo 0
CPU 47: governor  performance min/cur/max 1.5/1.496295/1.5 GHz Turbo 0

No support for Uncore frequencies
Current CPU frequencies:
CPU 0: governor  performance min/cur/max 2.8/1.794297/2.8 GHz Turbo 0
CPU 1: governor  performance min/cur/max 2.8/1.795789/2.8 GHz Turbo 0
CPU 2: governor  performance min/cur/max 2.8/1.790046/2.8 GHz Turbo 0
CPU 3: governor  performance min/cur/max 2.8/1.794952/2.8 GHz Turbo 0
CPU 4: governor  performance min/cur/max 2.8/1.796079/2.8 GHz Turbo 0
CPU 5: governor  performance min/cur/max 2.8/1.79475/2.8 GHz Turbo 0
CPU 6: governor  performance min/cur/max 2.8/1.794743/2.8 GHz Turbo 0
CPU 7: governor  performance min/cur/max 2.8/1.796316/2.8 GHz Turbo 0
CPU 8: governor  performance min/cur/max 2.8/1.796399/2.8 GHz Turbo 0
CPU 9: governor  performance min/cur/max 2.8/1.79627/2.8 GHz Turbo 0
CPU 10: governor  performance min/cur/max 2.8/1.795255/2.8 GHz Turbo 0
CPU 11: governor  performance min/cur/max 2.8/1.794365/2.8 GHz Turbo 0
CPU 12: governor  performance min/cur/max 2.8/1.795285/2.8 GHz Turbo 0
CPU 13: governor  performance min/cur/max 2.8/1.796029/2.8 GHz Turbo 0
CPU 14: governor  performance min/cur/max 2.8/1.795084/2.8 GHz Turbo 0
CPU 15: governor  performance min/cur/max 2.8/1.7964/2.8 GHz Turbo 0
CPU 16: governor  performance min/cur/max 2.8/1.795873/2.8 GHz Turbo 0
CPU 17: governor  performance min/cur/max 2.8/1.795266/2.8 GHz Turbo 0
CPU 18: governor  performance min/cur/max 2.8/1.795798/2.8 GHz Turbo 0
CPU 19: governor  performance min/cur/max 2.8/1.796743/2.8 GHz Turbo 0
CPU 20: governor  performance min/cur/max 2.8/1.794034/2.8 GHz Turbo 0
CPU 21: governor  performance min/cur/max 2.8/1.794698/2.8 GHz Turbo 0
CPU 22: governor  performance min/cur/max 2.8/1.795/2.8 GHz Turbo 0
CPU 23: governor  performance min/cur/max 2.8/1.796723/2.8 GHz Turbo 0
CPU 24: governor  performance min/cur/max 2.8/1.796057/2.8 GHz Turbo 0
CPU 25: governor  performance min/cur/max 2.8/1.794356/2.8 GHz Turbo 0
CPU 26: governor  performance min/cur/max 2.8/1.794775/2.8 GHz Turbo 0
CPU 27: governor  performance min/cur/max 2.8/1.793283/2.8 GHz Turbo 0
CPU 28: governor  performance min/cur/max 2.8/1.793778/2.8 GHz Turbo 0
CPU 29: governor  performance min/cur/max 2.8/1.795429/2.8 GHz Turbo 0
CPU 30: governor  performance min/cur/max 2.8/1.794065/2.8 GHz Turbo 0
CPU 31: governor  performance min/cur/max 2.8/1.795974/2.8 GHz Turbo 0
CPU 32: governor  performance min/cur/max 2.8/1.796024/2.8 GHz Turbo 0
CPU 33: governor  performance min/cur/max 2.8/1.796744/2.8 GHz Turbo 0
CPU 34: governor  performance min/cur/max 2.8/1.794648/2.8 GHz Turbo 0
CPU 35: governor  performance min/cur/max 2.8/1.795374/2.8 GHz Turbo 0
CPU 36: governor  performance min/cur/max 2.8/1.795976/2.8 GHz Turbo 0
CPU 37: governor  performance min/cur/max 2.8/1.795118/2.8 GHz Turbo 0
CPU 38: governor  performance min/cur/max 2.8/1.796031/2.8 GHz Turbo 0
CPU 39: governor  performance min/cur/max 2.8/1.796401/2.8 GHz Turbo 0
CPU 40: governor  performance min/cur/max 2.8/1.79606/2.8 GHz Turbo 0
CPU 41: governor  performance min/cur/max 2.8/1.7873/2.8 GHz Turbo 0
CPU 42: governor  performance min/cur/max 2.8/1.797351/2.8 GHz Turbo 0
CPU 43: governor  performance min/cur/max 2.8/1.796137/2.8 GHz Turbo 0
CPU 44: governor  performance min/cur/max 2.8/1.796374/2.8 GHz Turbo 0
CPU 45: governor  performance min/cur/max 2.8/1.795242/2.8 GHz Turbo 0
CPU 46: governor  performance min/cur/max 2.8/1.796485/2.8 GHz Turbo 0
CPU 47: governor  performance min/cur/max 2.8/1.796173/2.8 GHz Turbo 0

No support for Uncore frequencies
Current CPU frequencies:
CPU 0: governor  performance min/cur/max 1.5/1.495846/1.5 GHz Turbo 0
CPU 1: governor  performance min/cur/max 1.5/1.496135/1.5 GHz Turbo 0
CPU 2: governor  performance min/cur/max 1.5/1.49588/1.5 GHz Turbo 0
CPU 3: governor  performance min/cur/max 1.5/1.49575/1.5 GHz Turbo 0
CPU 4: governor  performance min/cur/max 1.5/1.496045/1.5 GHz Turbo 0
CPU 5: governor  performance min/cur/max 1.5/1.495534/1.5 GHz Turbo 0
CPU 6: governor  performance min/cur/max 1.5/1.495304/1.5 GHz Turbo 0
CPU 7: governor  performance min/cur/max 1.5/1.497763/1.5 GHz Turbo 0
CPU 8: governor  performance min/cur/max 1.5/1.494658/1.5 GHz Turbo 0
CPU 9: governor  performance min/cur/max 1.5/1.49502/1.5 GHz Turbo 0
CPU 10: governor  performance min/cur/max 1.5/1.495824/1.5 GHz Turbo 0
CPU 11: governor  performance min/cur/max 1.5/1.496945/1.5 GHz Turbo 0
CPU 12: governor  performance min/cur/max 1.5/1.496166/1.5 GHz Turbo 0
CPU 13: governor  performance min/cur/max 1.5/1.496713/1.5 GHz Turbo 0
CPU 14: governor  performance min/cur/max 1.5/1.495811/1.5 GHz Turbo 0
CPU 15: governor  performance min/cur/max 1.5/1.496607/1.5 GHz Turbo 0
CPU 16: governor  performance min/cur/max 1.5/1.495908/1.5 GHz Turbo 0
CPU 17: governor  performance min/cur/max 1.5/1.494248/1.5 GHz Turbo 0
CPU 18: governor  performance min/cur/max 1.5/1.497157/1.5 GHz Turbo 0
CPU 19: governor  performance min/cur/max 1.5/1.497015/1.5 GHz Turbo 0
CPU 20: governor  performance min/cur/max 1.5/1.497558/1.5 GHz Turbo 0
CPU 21: governor  performance min/cur/max 1.5/1.495115/1.5 GHz Turbo 0
CPU 22: governor  performance min/cur/max 1.5/1.497008/1.5 GHz Turbo 0
CPU 23: governor  performance min/cur/max 1.5/1.495986/1.5 GHz Turbo 0
CPU 24: governor  performance min/cur/max 1.5/1.495072/1.5 GHz Turbo 0
CPU 25: governor  performance min/cur/max 1.5/1.496581/1.5 GHz Turbo 0
CPU 26: governor  performance min/cur/max 1.5/1.496849/1.5 GHz Turbo 0
CPU 27: governor  performance min/cur/max 1.5/1.497024/1.5 GHz Turbo 0
CPU 28: governor  performance min/cur/max 1.5/1.496583/1.5 GHz Turbo 0
CPU 29: governor  performance min/cur/max 1.5/1.496823/1.5 GHz Turbo 0
CPU 30: governor  performance min/cur/max 1.5/1.494968/1.5 GHz Turbo 0
CPU 31: governor  performance min/cur/max 1.5/1.495993/1.5 GHz Turbo 0
CPU 32: governor  performance min/cur/max 1.5/1.496853/1.5 GHz Turbo 0
CPU 33: governor  performance min/cur/max 1.5/1.495331/1.5 GHz Turbo 0
CPU 34: governor  performance min/cur/max 1.5/1.496341/1.5 GHz Turbo 0
CPU 35: governor  performance min/cur/max 1.5/1.49703/1.5 GHz Turbo 0
CPU 36: governor  performance min/cur/max 1.5/1.496652/1.5 GHz Turbo 0
CPU 37: governor  performance min/cur/max 1.5/1.495805/1.5 GHz Turbo 0
CPU 38: governor  performance min/cur/max 1.5/1.496992/1.5 GHz Turbo 0
CPU 39: governor  performance min/cur/max 1.5/1.49616/1.5 GHz Turbo 0
CPU 40: governor  performance min/cur/max 1.5/1.496166/1.5 GHz Turbo 0
CPU 41: governor  performance min/cur/max 1.5/1.496842/1.5 GHz Turbo 0
CPU 42: governor  performance min/cur/max 1.5/1.496173/1.5 GHz Turbo 0
CPU 43: governor  performance min/cur/max 1.5/1.495441/1.5 GHz Turbo 0
CPU 44: governor  performance min/cur/max 1.5/1.495556/1.5 GHz Turbo 0
CPU 45: governor  performance min/cur/max 1.5/1.495621/1.5 GHz Turbo 0
CPU 46: governor  performance min/cur/max 1.5/1.496643/1.5 GHz Turbo 0
CPU 47: governor  performance min/cur/max 1.5/1.496764/1.5 GHz Turbo 0

No support for Uncore frequencies
Reset to governor performance with min freq. 1.5 GHz and deactivate turbo mode
Reset to governor performance with min freq. 1.5 GHz and deactivate turbo mode
Reset to governor performance with min freq. 1.5 GHz and deactivate turbo mode
Reset to governor performance with min freq. 1.5 GHz and deactivate turbo mode
Reset to governor performance with min freq. 1.5 GHz and deactivate turbo mode
Reset to governor performance with min freq. 1.5 GHz and deactivate turbo mode
Reset to governor performance with min freq. 1.5 GHz and deactivate turbo mode
Reset to governor performance with min freq. 1.5 GHz and deactivate turbo mode
Reset to governor performance with min freq. 1.5 GHz and deactivate turbo mode
Reset to governor performance with min freq. 1.5 GHz and deactivate turbo mode
Reset to governor performance with min freq. 1.5 GHz and deactivate turbo mode
Reset to governor performance with min freq. 1.5 GHz and deactivate turbo mode
Reset to governor performance with min freq. 1.5 GHz and deactivate turbo mode
Reset to governor performance with min freq. 1.5 GHz and deactivate turbo mode
Reset to governor performance with min freq. 1.5 GHz and deactivate turbo mode
Reset to governor performance with min freq. 1.5 GHz and deactivate turbo mode
